11/06/2017 00:08:22.840 +05:30  INFO 51196 -- [main] o.s.context.annotation.AnnotationConfigApplicationContext : Refreshing org.springframework.context.annotation.AnnotationConfigApplicationContext@10feca44: startup date [Mon Nov 06 00:08:22 IST 2017]; root of context hierarchy
11/06/2017 00:08:23.324 +05:30  INFO 51196 -- [main] o.s.b.f.annotation.AutowiredAnnotationBeanPostProcessor : JSR-330 'javax.inject.Inject' annotation found and supported for autowiring
11/06/2017 00:08:23.369 +05:30  INFO 51196 -- [main] o.s.c.s.PostProcessorRegistrationDelegate$BeanPostProcessorChecker : Bean 'configurationPropertiesRebinderAutoConfiguration' of type [org.springframework.cloud.autoconfigure.ConfigurationPropertiesRebinderAutoConfiguration$$EnhancerBySpringCGLIB$$eb5b146e] is not eligible for getting processed by all BeanPostProcessors (for example: not eligible for auto-proxying)
11/06/2017 00:08:23.906 +05:30  INFO 51196 -- [main] c.f.s.discoveryserver.DiscoveryServerApplication : The following profiles are active: local
11/06/2017 00:08:23.926 +05:30  INFO 51196 -- [main] o.s.b.c.e.AnnotationConfigEmbeddedWebApplicationContext : Refreshing org.springframework.boot.context.embedded.AnnotationConfigEmbeddedWebApplicationContext@2e029d61: startup date [Mon Nov 06 00:08:23 IST 2017]; parent: org.springframework.context.annotation.AnnotationConfigApplicationContext@10feca44
11/06/2017 00:08:24.994 +05:30  INFO 51196 -- [main] org.springframework.cloud.context.scope.GenericScope : BeanFactory id=5c0e7dfa-9d0b-3b56-b3ac-ca99639685b1
11/06/2017 00:08:25.037 +05:30  INFO 51196 -- [main] o.s.b.f.annotation.AutowiredAnnotationBeanPostProcessor : JSR-330 'javax.inject.Inject' annotation found and supported for autowiring
11/06/2017 00:08:25.178 +05:30  INFO 51196 -- [main] o.s.c.s.PostProcessorRegistrationDelegate$BeanPostProcessorChecker : Bean 'org.springframework.cloud.netflix.metrics.MetricsInterceptorConfiguration$MetricsRestTemplateConfiguration' of type [org.springframework.cloud.netflix.metrics.MetricsInterceptorConfiguration$MetricsRestTemplateConfiguration$$EnhancerBySpringCGLIB$$16db7b2] is not eligible for getting processed by all BeanPostProcessors (for example: not eligible for auto-proxying)
11/06/2017 00:08:25.195 +05:30  INFO 51196 -- [main] o.s.c.s.PostProcessorRegistrationDelegate$BeanPostProcessorChecker : Bean 'org.springframework.cloud.autoconfigure.ConfigurationPropertiesRebinderAutoConfiguration' of type [org.springframework.cloud.autoconfigure.ConfigurationPropertiesRebinderAutoConfiguration$$EnhancerBySpringCGLIB$$eb5b146e] is not eligible for getting processed by all BeanPostProcessors (for example: not eligible for auto-proxying)
11/06/2017 00:08:25.574 +05:30  INFO 51196 -- [main] o.s.b.context.embedded.tomcat.TomcatEmbeddedServletContainer : Tomcat initialized with port(s): 8761 (http)
11/06/2017 00:08:25.585 +05:30  INFO 51196 -- [main] org.apache.catalina.core.StandardService : Starting service [Tomcat]
11/06/2017 00:08:25.586 +05:30  INFO 51196 -- [main] org.apache.catalina.core.StandardEngine : Starting Servlet Engine: Apache Tomcat/8.5.23
11/06/2017 00:08:25.679 +05:30  INFO 51196 -- [localhost-startStop-1] o.a.catalina.core.ContainerBase.[Tomcat].[localhost].[/] : Initializing Spring embedded WebApplicationContext
11/06/2017 00:08:25.680 +05:30  INFO 51196 -- [localhost-startStop-1] org.springframework.web.context.ContextLoader : Root WebApplicationContext: initialization completed in 1754 ms
11/06/2017 00:08:26.465 +05:30  INFO 51196 -- [localhost-startStop-1] org.springframework.boot.web.servlet.FilterRegistrationBean : Mapping filter: 'metricsFilter' to: [/*]
11/06/2017 00:08:26.466 +05:30  INFO 51196 -- [localhost-startStop-1] org.springframework.boot.web.servlet.FilterRegistrationBean : Mapping filter: 'characterEncodingFilter' to: [/*]
11/06/2017 00:08:26.466 +05:30  INFO 51196 -- [localhost-startStop-1] org.springframework.boot.web.servlet.FilterRegistrationBean : Mapping filter: 'hiddenHttpMethodFilter' to: [/*]
11/06/2017 00:08:26.466 +05:30  INFO 51196 -- [localhost-startStop-1] org.springframework.boot.web.servlet.FilterRegistrationBean : Mapping filter: 'httpPutFormContentFilter' to: [/*]
11/06/2017 00:08:26.467 +05:30  INFO 51196 -- [localhost-startStop-1] org.springframework.boot.web.servlet.FilterRegistrationBean : Mapping filter: 'requestContextFilter' to: [/*]
11/06/2017 00:08:26.468 +05:30  INFO 51196 -- [localhost-startStop-1] org.springframework.boot.web.servlet.FilterRegistrationBean : Mapping filter: 'webRequestTraceFilter' to: [/*]
11/06/2017 00:08:26.468 +05:30  INFO 51196 -- [localhost-startStop-1] org.springframework.boot.web.servlet.FilterRegistrationBean : Mapping filter: 'servletContainer' to urls: [/eureka/*]
11/06/2017 00:08:26.468 +05:30  INFO 51196 -- [localhost-startStop-1] org.springframework.boot.web.servlet.FilterRegistrationBean : Mapping filter: 'applicationContextIdFilter' to: [/*]
11/06/2017 00:08:26.468 +05:30  INFO 51196 -- [localhost-startStop-1] org.springframework.boot.web.servlet.ServletRegistrationBean : Mapping servlet: 'dispatcherServlet' to [/]
11/06/2017 00:08:26.542 +05:30  INFO 51196 -- [localhost-startStop-1] com.sun.jersey.server.impl.application.WebApplicationImpl : Initiating Jersey application, version 'Jersey: 1.19.1 03/11/2016 02:08 PM'
11/06/2017 00:08:26.647 +05:30  INFO 51196 -- [localhost-startStop-1] com.netflix.discovery.provider.DiscoveryJerseyProvider : Using JSON encoding codec LegacyJacksonJson
11/06/2017 00:08:26.650 +05:30  INFO 51196 -- [localhost-startStop-1] com.netflix.discovery.provider.DiscoveryJerseyProvider : Using JSON decoding codec LegacyJacksonJson
11/06/2017 00:08:26.838 +05:30  INFO 51196 -- [localhost-startStop-1] com.netflix.discovery.provider.DiscoveryJerseyProvider : Using XML encoding codec XStreamXml
11/06/2017 00:08:26.839 +05:30  INFO 51196 -- [localhost-startStop-1] com.netflix.discovery.provider.DiscoveryJerseyProvider : Using XML decoding codec XStreamXml
11/06/2017 00:08:27.467 +05:30  WARN 51196 -- [main] com.netflix.config.sources.URLConfigurationSource : No URLs will be polled as dynamic configuration sources.
11/06/2017 00:08:27.467 +05:30  INFO 51196 -- [main] com.netflix.config.sources.URLConfigurationSource : To enable URLs as dynamic configuration sources, define System property archaius.configurationSource.additionalUrls or make config.properties available on classpath.
11/06/2017 00:08:27.474 +05:30  WARN 51196 -- [main] com.netflix.config.sources.URLConfigurationSource : No URLs will be polled as dynamic configuration sources.
11/06/2017 00:08:27.474 +05:30  INFO 51196 -- [main] com.netflix.config.sources.URLConfigurationSource : To enable URLs as dynamic configuration sources, define System property archaius.configurationSource.additionalUrls or make config.properties available on classpath.
11/06/2017 00:08:27.560 +05:30  INFO 51196 -- [main] o.a.catalina.core.ContainerBase.[Tomcat].[localhost].[/] : jolokia: No access restrictor found, access to any MBean is allowed
11/06/2017 00:08:27.788 +05:30  INFO 51196 -- [main] o.s.w.s.mvc.method.annotation.RequestMappingHandlerAdapter : Looking for @ControllerAdvice: org.springframework.boot.context.embedded.AnnotationConfigEmbeddedWebApplicationContext@2e029d61: startup date [Mon Nov 06 00:08:23 IST 2017]; parent: org.springframework.context.annotation.AnnotationConfigApplicationContext@10feca44
11/06/2017 00:08:27.880 +05:30  INFO 51196 -- [main] o.s.w.s.mvc.method.annotation.RequestMappingHandlerMapping : Mapped "{[/error]}" onto public org.springframework.http.ResponseEntity<java.util.Map<java.lang.String, java.lang.Object>> org.springframework.boot.autoconfigure.web.BasicErrorController.error(javax.servlet.http.HttpServletRequest)
11/06/2017 00:08:27.881 +05:30  INFO 51196 -- [main] o.s.w.s.mvc.method.annotation.RequestMappingHandlerMapping : Mapped "{[/error],produces=[text/html]}" onto public org.springframework.web.servlet.ModelAndView org.springframework.boot.autoconfigure.web.BasicErrorController.errorHtml(javax.servlet.http.HttpServletRequest,javax.servlet.http.HttpServletResponse)
11/06/2017 00:08:27.886 +05:30  INFO 51196 -- [main] o.s.w.s.mvc.method.annotation.RequestMappingHandlerMapping : Mapped "{[/],methods=[GET]}" onto public java.lang.String org.springframework.cloud.netflix.eureka.server.EurekaController.status(javax.servlet.http.HttpServletRequest,java.util.Map<java.lang.String, java.lang.Object>)
11/06/2017 00:08:27.888 +05:30  INFO 51196 -- [main] o.s.w.s.mvc.method.annotation.RequestMappingHandlerMapping : Mapped "{[/lastn],methods=[GET]}" onto public java.lang.String org.springframework.cloud.netflix.eureka.server.EurekaController.lastn(javax.servlet.http.HttpServletRequest,java.util.Map<java.lang.String, java.lang.Object>)
11/06/2017 00:08:27.914 +05:30  INFO 51196 -- [main] o.s.web.servlet.handler.SimpleUrlHandlerMapping : Mapped URL path [/webjars/**] onto handler of type [class org.springframework.web.servlet.resource.ResourceHttpRequestHandler]
11/06/2017 00:08:27.914 +05:30  INFO 51196 -- [main] o.s.web.servlet.handler.SimpleUrlHandlerMapping : Mapped URL path [/**] onto handler of type [class org.springframework.web.servlet.resource.ResourceHttpRequestHandler]
11/06/2017 00:08:27.956 +05:30  INFO 51196 -- [main] o.s.web.servlet.handler.SimpleUrlHandlerMapping : Mapped URL path [/**/favicon.ico] onto handler of type [class org.springframework.web.servlet.resource.ResourceHttpRequestHandler]
11/06/2017 00:08:28.584 +05:30  INFO 51196 -- [main] o.s.boot.actuate.endpoint.mvc.EndpointHandlerMapping : Mapped "{[/env/{name:.*}],methods=[GET],produces=[application/vnd.spring-boot.actuator.v1+json || application/json]}" onto public java.lang.Object org.springframework.boot.actuate.endpoint.mvc.EnvironmentMvcEndpoint.value(java.lang.String)
11/06/2017 00:08:28.584 +05:30  INFO 51196 -- [main] o.s.boot.actuate.endpoint.mvc.EndpointHandlerMapping : Mapped "{[/env || /env.json],methods=[GET],produces=[application/vnd.spring-boot.actuator.v1+json || application/json]}" onto public java.lang.Object org.springframework.boot.actuate.endpoint.mvc.EndpointMvcAdapter.invoke()
11/06/2017 00:08:28.585 +05:30  INFO 51196 -- [main] o.s.boot.actuate.endpoint.mvc.EndpointHandlerMapping : Mapped "{[/info || /info.json],methods=[GET],produces=[application/vnd.spring-boot.actuator.v1+json || application/json]}" onto public java.lang.Object org.springframework.boot.actuate.endpoint.mvc.EndpointMvcAdapter.invoke()
11/06/2017 00:08:28.587 +05:30  INFO 51196 -- [main] o.s.boot.actuate.endpoint.mvc.EndpointHandlerMapping : Mapped "{[/loggers/{name:.*}],methods=[GET],produces=[application/vnd.spring-boot.actuator.v1+json || application/json]}" onto public java.lang.Object org.springframework.boot.actuate.endpoint.mvc.LoggersMvcEndpoint.get(java.lang.String)
11/06/2017 00:08:28.587 +05:30  INFO 51196 -- [main] o.s.boot.actuate.endpoint.mvc.EndpointHandlerMapping : Mapped "{[/loggers/{name:.*}],methods=[POST],consumes=[application/vnd.spring-boot.actuator.v1+json || application/json],produces=[application/vnd.spring-boot.actuator.v1+json || application/json]}" onto public java.lang.Object org.springframework.boot.actuate.endpoint.mvc.LoggersMvcEndpoint.set(java.lang.String,java.util.Map<java.lang.String, java.lang.String>)
11/06/2017 00:08:28.587 +05:30  INFO 51196 -- [main] o.s.boot.actuate.endpoint.mvc.EndpointHandlerMapping : Mapped "{[/loggers || /loggers.json],methods=[GET],produces=[application/vnd.spring-boot.actuator.v1+json || application/json]}" onto public java.lang.Object org.springframework.boot.actuate.endpoint.mvc.EndpointMvcAdapter.invoke()
11/06/2017 00:08:28.588 +05:30  INFO 51196 -- [main] o.s.boot.actuate.endpoint.mvc.EndpointHandlerMapping : Mapped "{[/env],methods=[POST]}" onto public java.lang.Object org.springframework.cloud.context.environment.EnvironmentManagerMvcEndpoint.value(java.util.Map<java.lang.String, java.lang.String>)
11/06/2017 00:08:28.588 +05:30  INFO 51196 -- [main] o.s.boot.actuate.endpoint.mvc.EndpointHandlerMapping : Mapped "{[/env/reset],methods=[POST]}" onto public java.util.Map<java.lang.String, java.lang.Object> org.springframework.cloud.context.environment.EnvironmentManagerMvcEndpoint.reset()
11/06/2017 00:08:28.589 +05:30  INFO 51196 -- [main] o.s.boot.actuate.endpoint.mvc.EndpointHandlerMapping : Mapped "{[/beans || /beans.json],methods=[GET],produces=[application/vnd.spring-boot.actuator.v1+json || application/json]}" onto public java.lang.Object org.springframework.boot.actuate.endpoint.mvc.EndpointMvcAdapter.invoke()
11/06/2017 00:08:28.591 +05:30  INFO 51196 -- [main] o.s.boot.actuate.endpoint.mvc.EndpointHandlerMapping : Mapped "{[/features || /features.json],methods=[GET],produces=[application/vnd.spring-boot.actuator.v1+json || application/json]}" onto public java.lang.Object org.springframework.boot.actuate.endpoint.mvc.EndpointMvcAdapter.invoke()
11/06/2017 00:08:28.592 +05:30  INFO 51196 -- [main] o.s.boot.actuate.endpoint.mvc.EndpointHandlerMapping : Mapped "{[/configprops || /configprops.json],methods=[GET],produces=[application/vnd.spring-boot.actuator.v1+json || application/json]}" onto public java.lang.Object org.springframework.boot.actuate.endpoint.mvc.EndpointMvcAdapter.invoke()
11/06/2017 00:08:28.593 +05:30  INFO 51196 -- [main] o.s.boot.actuate.endpoint.mvc.EndpointHandlerMapping : Mapped "{[/autoconfig || /autoconfig.json],methods=[GET],produces=[application/vnd.spring-boot.actuator.v1+json || application/json]}" onto public java.lang.Object org.springframework.boot.actuate.endpoint.mvc.EndpointMvcAdapter.invoke()
11/06/2017 00:08:28.594 +05:30  INFO 51196 -- [main] o.s.boot.actuate.endpoint.mvc.EndpointHandlerMapping : Mapped "{[/metrics/{name:.*}],methods=[GET],produces=[application/vnd.spring-boot.actuator.v1+json || application/json]}" onto public java.lang.Object org.springframework.boot.actuate.endpoint.mvc.MetricsMvcEndpoint.value(java.lang.String)
11/06/2017 00:08:28.595 +05:30  INFO 51196 -- [main] o.s.boot.actuate.endpoint.mvc.EndpointHandlerMapping : Mapped "{[/metrics || /metrics.json],methods=[GET],produces=[application/vnd.spring-boot.actuator.v1+json || application/json]}" onto public java.lang.Object org.springframework.boot.actuate.endpoint.mvc.EndpointMvcAdapter.invoke()
11/06/2017 00:08:28.595 +05:30  INFO 51196 -- [main] o.s.boot.actuate.endpoint.mvc.EndpointHandlerMapping : Mapped "{[/dump || /dump.json],methods=[GET],produces=[application/vnd.spring-boot.actuator.v1+json || application/json]}" onto public java.lang.Object org.springframework.boot.actuate.endpoint.mvc.EndpointMvcAdapter.invoke()
11/06/2017 00:08:28.596 +05:30  INFO 51196 -- [main] o.s.boot.actuate.endpoint.mvc.EndpointHandlerMapping : Mapped "{[/restart || /restart.json],methods=[POST]}" onto public java.lang.Object org.springframework.cloud.context.restart.RestartMvcEndpoint.invoke()
11/06/2017 00:08:28.596 +05:30  INFO 51196 -- [main] o.s.boot.actuate.endpoint.mvc.EndpointHandlerMapping : Mapped "{[/service-registry/instance-status],methods=[GET]}" onto public org.springframework.http.ResponseEntity org.springframework.cloud.client.serviceregistry.endpoint.ServiceRegistryEndpoint.getStatus()
11/06/2017 00:08:28.597 +05:30  INFO 51196 -- [main] o.s.boot.actuate.endpoint.mvc.EndpointHandlerMapping : Mapped "{[/service-registry/instance-status],methods=[POST]}" onto public org.springframework.http.ResponseEntity<?> org.springframework.cloud.client.serviceregistry.endpoint.ServiceRegistryEndpoint.setStatus(java.lang.String)
11/06/2017 00:08:28.597 +05:30  INFO 51196 -- [main] o.s.boot.actuate.endpoint.mvc.EndpointHandlerMapping : Mapped "{[/auditevents || /auditevents.json],methods=[GET],produces=[application/vnd.spring-boot.actuator.v1+json || application/json]}" onto public org.springframework.http.ResponseEntity<?> org.springframework.boot.actuate.endpoint.mvc.AuditEventsMvcEndpoint.findByPrincipalAndAfterAndType(java.lang.String,java.util.Date,java.lang.String)
11/06/2017 00:08:28.598 +05:30  INFO 51196 -- [main] o.s.boot.actuate.endpoint.mvc.EndpointHandlerMapping : Mapped "{[/refresh || /refresh.json],methods=[POST]}" onto public java.lang.Object org.springframework.cloud.endpoint.GenericPostableMvcEndpoint.invoke()
11/06/2017 00:08:28.600 +05:30  INFO 51196 -- [main] o.s.boot.actuate.endpoint.mvc.EndpointHandlerMapping : Mapped "{[/health || /health.json],methods=[GET],produces=[application/vnd.spring-boot.actuator.v1+json || application/json]}" onto public java.lang.Object org.springframework.boot.actuate.endpoint.mvc.HealthMvcEndpoint.invoke(javax.servlet.http.HttpServletRequest,java.security.Principal)
11/06/2017 00:08:28.601 +05:30  INFO 51196 -- [main] o.s.boot.actuate.endpoint.mvc.EndpointHandlerMapping : Mapped "{[/pause || /pause.json],methods=[POST]}" onto public java.lang.Object org.springframework.cloud.endpoint.GenericPostableMvcEndpoint.invoke()
11/06/2017 00:08:28.603 +05:30  INFO 51196 -- [main] o.s.boot.actuate.endpoint.mvc.EndpointHandlerMapping : Mapped "{[/jolokia/**]}" onto public org.springframework.web.servlet.ModelAndView org.springframework.boot.actuate.endpoint.mvc.JolokiaMvcEndpoint.handle(javax.servlet.http.HttpServletRequest,javax.servlet.http.HttpServletResponse) throws java.lang.Exception
11/06/2017 00:08:28.604 +05:30  INFO 51196 -- [main] o.s.boot.actuate.endpoint.mvc.EndpointHandlerMapping : Mapped "{[/heapdump || /heapdump.json],methods=[GET],produces=[application/octet-stream]}" onto public void org.springframework.boot.actuate.endpoint.mvc.HeapdumpMvcEndpoint.invoke(boolean,javax.servlet.http.HttpServletRequest,javax.servlet.http.HttpServletResponse) throws java.io.IOException,javax.servlet.ServletException
11/06/2017 00:08:28.605 +05:30  INFO 51196 -- [main] o.s.boot.actuate.endpoint.mvc.EndpointHandlerMapping : Mapped "{[/resume || /resume.json],methods=[POST]}" onto public java.lang.Object org.springframework.cloud.endpoint.GenericPostableMvcEndpoint.invoke()
11/06/2017 00:08:28.606 +05:30  INFO 51196 -- [main] o.s.boot.actuate.endpoint.mvc.EndpointHandlerMapping : Mapped "{[/trace || /trace.json],methods=[GET],produces=[application/vnd.spring-boot.actuator.v1+json || application/json]}" onto public java.lang.Object org.springframework.boot.actuate.endpoint.mvc.EndpointMvcAdapter.invoke()
11/06/2017 00:08:28.607 +05:30  INFO 51196 -- [main] o.s.boot.actuate.endpoint.mvc.EndpointHandlerMapping : Mapped "{[/mappings || /mappings.json],methods=[GET],produces=[application/vnd.spring-boot.actuator.v1+json || application/json]}" onto public java.lang.Object org.springframework.boot.actuate.endpoint.mvc.EndpointMvcAdapter.invoke()
11/06/2017 00:08:28.608 +05:30  INFO 51196 -- [main] o.s.boot.actuate.endpoint.mvc.EndpointHandlerMapping : Mapped "{[/archaius || /archaius.json],methods=[GET],produces=[application/vnd.spring-boot.actuator.v1+json || application/json]}" onto public java.lang.Object org.springframework.boot.actuate.endpoint.mvc.EndpointMvcAdapter.invoke()
11/06/2017 00:08:28.712 +05:30  INFO 51196 -- [main] org.springframework.ui.freemarker.SpringTemplateLoader : SpringTemplateLoader for FreeMarker: using resource loader [org.springframework.boot.context.embedded.AnnotationConfigEmbeddedWebApplicationContext@2e029d61: startup date [Mon Nov 06 00:08:23 IST 2017]; parent: org.springframework.context.annotation.AnnotationConfigApplicationContext@10feca44] and template loader path [classpath:/templates/]
11/06/2017 00:08:28.713 +05:30  INFO 51196 -- [main] o.s.web.servlet.view.freemarker.FreeMarkerConfigurer : ClassTemplateLoader for Spring macros added to FreeMarker configuration
11/06/2017 00:08:28.882 +05:30  INFO 51196 -- [main] org.springframework.cloud.netflix.eureka.InstanceInfoFactory : Setting initial instance status as: STARTING
11/06/2017 00:08:28.938 +05:30  INFO 51196 -- [main] com.netflix.discovery.DiscoveryClient : Initializing Eureka in region us-east-1
11/06/2017 00:08:29.036 +05:30  INFO 51196 -- [main] com.netflix.discovery.provider.DiscoveryJerseyProvider : Using JSON encoding codec LegacyJacksonJson
11/06/2017 00:08:29.037 +05:30  INFO 51196 -- [main] com.netflix.discovery.provider.DiscoveryJerseyProvider : Using JSON decoding codec LegacyJacksonJson
11/06/2017 00:08:29.037 +05:30  INFO 51196 -- [main] com.netflix.discovery.provider.DiscoveryJerseyProvider : Using XML encoding codec XStreamXml
11/06/2017 00:08:29.037 +05:30  INFO 51196 -- [main] com.netflix.discovery.provider.DiscoveryJerseyProvider : Using XML decoding codec XStreamXml
11/06/2017 00:08:29.191 +05:30  INFO 51196 -- [main] c.n.discovery.shared.resolver.aws.ConfigClusterResolver : Resolving eureka endpoints via configuration
11/06/2017 00:08:29.215 +05:30  INFO 51196 -- [main] com.netflix.discovery.DiscoveryClient : Starting heartbeat executor: renew interval is: 3
11/06/2017 00:08:29.219 +05:30  INFO 51196 -- [main] com.netflix.discovery.InstanceInfoReplicator : InstanceInfoReplicator onDemand update allowed rate per min is 24
11/06/2017 00:08:29.223 +05:30  INFO 51196 -- [main] com.netflix.discovery.DiscoveryClient : Discovery Client initialized at timestamp 1509907109223 with initial instances count: 0
11/06/2017 00:08:29.304 +05:30  INFO 51196 -- [main] com.netflix.eureka.DefaultEurekaServerContext : Initializing ...
11/06/2017 00:08:29.304 +05:30  INFO 51196 -- [main] com.netflix.eureka.cluster.PeerEurekaNodes : Adding new peer nodes [http://localhost:8761/eureka/]
11/06/2017 00:08:29.326 +05:30  INFO 51196 -- [main] com.netflix.discovery.provider.DiscoveryJerseyProvider : Using JSON encoding codec LegacyJacksonJson
11/06/2017 00:08:29.326 +05:30  INFO 51196 -- [main] com.netflix.discovery.provider.DiscoveryJerseyProvider : Using JSON decoding codec LegacyJacksonJson
11/06/2017 00:08:29.326 +05:30  INFO 51196 -- [main] com.netflix.discovery.provider.DiscoveryJerseyProvider : Using XML encoding codec XStreamXml
11/06/2017 00:08:29.327 +05:30  INFO 51196 -- [main] com.netflix.discovery.provider.DiscoveryJerseyProvider : Using XML decoding codec XStreamXml
11/06/2017 00:08:29.419 +05:30  INFO 51196 -- [main] com.netflix.eureka.cluster.PeerEurekaNodes : Replica node URL:  http://localhost:8761/eureka/
11/06/2017 00:08:29.439 +05:30  INFO 51196 -- [main] com.netflix.eureka.registry.AbstractInstanceRegistry : Finished initializing remote region registries. All known remote regions: []
11/06/2017 00:08:29.440 +05:30  INFO 51196 -- [main] com.netflix.eureka.DefaultEurekaServerContext : Initialized
11/06/2017 00:08:29.603 +05:30  INFO 51196 -- [main] o.s.jmx.export.annotation.AnnotationMBeanExporter : Registering beans for JMX exposure on startup
11/06/2017 00:08:29.616 +05:30  INFO 51196 -- [main] o.s.jmx.export.annotation.AnnotationMBeanExporter : Bean with name 'environmentManager' has been autodetected for JMX exposure
11/06/2017 00:08:29.620 +05:30  INFO 51196 -- [main] o.s.jmx.export.annotation.AnnotationMBeanExporter : Bean with name 'configurationPropertiesRebinder' has been autodetected for JMX exposure
11/06/2017 00:08:29.621 +05:30  INFO 51196 -- [main] o.s.jmx.export.annotation.AnnotationMBeanExporter : Bean with name 'refreshEndpoint' has been autodetected for JMX exposure
11/06/2017 00:08:29.621 +05:30  INFO 51196 -- [main] o.s.jmx.export.annotation.AnnotationMBeanExporter : Bean with name 'restartEndpoint' has been autodetected for JMX exposure
11/06/2017 00:08:29.623 +05:30  INFO 51196 -- [main] o.s.jmx.export.annotation.AnnotationMBeanExporter : Bean with name 'serviceRegistryEndpoint' has been autodetected for JMX exposure
11/06/2017 00:08:29.625 +05:30  INFO 51196 -- [main] o.s.jmx.export.annotation.AnnotationMBeanExporter : Bean with name 'refreshScope' has been autodetected for JMX exposure
11/06/2017 00:08:29.629 +05:30  INFO 51196 -- [main] o.s.jmx.export.annotation.AnnotationMBeanExporter : Located managed bean 'environmentManager': registering with JMX server as MBean [org.springframework.cloud.context.environment:name=environmentManager,type=EnvironmentManager]
11/06/2017 00:08:29.653 +05:30  INFO 51196 -- [main] o.s.jmx.export.annotation.AnnotationMBeanExporter : Located managed bean 'restartEndpoint': registering with JMX server as MBean [org.springframework.cloud.context.restart:name=restartEndpoint,type=RestartEndpoint]
11/06/2017 00:08:29.671 +05:30  INFO 51196 -- [main] o.s.jmx.export.annotation.AnnotationMBeanExporter : Located managed bean 'serviceRegistryEndpoint': registering with JMX server as MBean [org.springframework.cloud.client.serviceregistry.endpoint:name=serviceRegistryEndpoint,type=ServiceRegistryEndpoint]
11/06/2017 00:08:29.690 +05:30  INFO 51196 -- [main] o.s.jmx.export.annotation.AnnotationMBeanExporter : Located managed bean 'refreshScope': registering with JMX server as MBean [org.springframework.cloud.context.scope.refresh:name=refreshScope,type=RefreshScope]
11/06/2017 00:08:29.707 +05:30  INFO 51196 -- [main] o.s.jmx.export.annotation.AnnotationMBeanExporter : Located managed bean 'configurationPropertiesRebinder': registering with JMX server as MBean [org.springframework.cloud.context.properties:name=configurationPropertiesRebinder,context=2e029d61,type=ConfigurationPropertiesRebinder]
11/06/2017 00:08:29.720 +05:30  INFO 51196 -- [main] o.s.jmx.export.annotation.AnnotationMBeanExporter : Located managed bean 'refreshEndpoint': registering with JMX server as MBean [org.springframework.cloud.endpoint:name=refreshEndpoint,type=RefreshEndpoint]
11/06/2017 00:08:30.146 +05:30  INFO 51196 -- [main] o.a.catalina.core.ContainerBase.[Tomcat].[localhost].[/] : jolokia: No access restrictor found, access to any MBean is allowed
11/06/2017 00:08:30.150 +05:30  INFO 51196 -- [main] o.a.catalina.core.ContainerBase.[Tomcat].[localhost].[/] : jolokia: jolokia:type=Config is already registered. Adding it with jolokia:type=Config,uuid=63518d29-2dd5-4881-a93b-5b48f7510355, but you should revise your setup in order to either use a qualifier or ensure, that only a single agent gets registered (otherwise history functionality might not work)
11/06/2017 00:08:30.150 +05:30  INFO 51196 -- [main] o.a.catalina.core.ContainerBase.[Tomcat].[localhost].[/] : jolokia: Cannot register (legacy) MBean handler for config store with name jmx4perl:type=Config since it already exists. This is the case if another agent has been already started within the same JVM. The registration is skipped.
11/06/2017 00:08:30.151 +05:30  INFO 51196 -- [main] o.a.catalina.core.ContainerBase.[Tomcat].[localhost].[/] : jolokia: Jolokia Discovery MBean registration is skipped because there is already one registered.
11/06/2017 00:08:30.219 +05:30  INFO 51196 -- [main] o.springframework.context.support.DefaultLifecycleProcessor : Starting beans in phase 0
11/06/2017 00:08:30.220 +05:30  INFO 51196 -- [main] o.s.c.netflix.eureka.serviceregistry.EurekaServiceRegistry : Registering application discovery-server with eureka with status UP
11/06/2017 00:08:30.220 +05:30  INFO 51196 -- [main] com.netflix.discovery.DiscoveryClient : Saw local status change event StatusChangeEvent [timestamp=1509907110220, current=UP, previous=STARTING]
11/06/2017 00:08:30.222 +05:30  INFO 51196 -- [DiscoveryClient-InstanceInfoReplicator-0] com.netflix.discovery.DiscoveryClient : DiscoveryClient_DISCOVERY-SERVER/sujits-mbp:discovery-server:8761: registering service...
11/06/2017 00:08:30.266 +05:30  INFO 51196 -- [Thread-31] o.s.cloud.netflix.eureka.server.EurekaServerBootstrap : Setting the eureka configuration..
11/06/2017 00:08:30.266 +05:30  INFO 51196 -- [Thread-31] o.s.cloud.netflix.eureka.server.EurekaServerBootstrap : Eureka data center value eureka.datacenter is not set, defaulting to default
11/06/2017 00:08:30.267 +05:30  INFO 51196 -- [Thread-31] o.s.cloud.netflix.eureka.server.EurekaServerBootstrap : Eureka environment value eureka.environment is not set, defaulting to test
11/06/2017 00:08:30.279 +05:30  INFO 51196 -- [Thread-31] o.s.cloud.netflix.eureka.server.EurekaServerBootstrap : isAws returned false
11/06/2017 00:08:30.280 +05:30  INFO 51196 -- [Thread-31] o.s.cloud.netflix.eureka.server.EurekaServerBootstrap : Initialized server context
11/06/2017 00:08:30.346 +05:30  INFO 51196 -- [main] o.s.b.context.embedded.tomcat.TomcatEmbeddedServletContainer : Tomcat started on port(s): 8761 (http)
11/06/2017 00:08:30.347 +05:30  INFO 51196 -- [main] o.s.c.n.eureka.serviceregistry.EurekaAutoServiceRegistration : Updating port to 8761
11/06/2017 00:08:30.355 +05:30  INFO 51196 -- [main] c.f.s.discoveryserver.DiscoveryServerApplication : Started DiscoveryServerApplication in 9.396 seconds (JVM running for 11.268)
11/06/2017 00:08:30.556 +05:30  INFO 51196 -- [http-nio-8761-exec-1] o.a.catalina.core.ContainerBase.[Tomcat].[localhost].[/] : Initializing Spring FrameworkServlet 'dispatcherServlet'
11/06/2017 00:08:30.558 +05:30  INFO 51196 -- [http-nio-8761-exec-1] org.springframework.web.servlet.DispatcherServlet : FrameworkServlet 'dispatcherServlet': initialization started
11/06/2017 00:08:30.597 +05:30  INFO 51196 -- [http-nio-8761-exec-1] org.springframework.web.servlet.DispatcherServlet : FrameworkServlet 'dispatcherServlet': initialization completed in 39 ms
11/06/2017 00:08:30.858 +05:30  INFO 51196 -- [http-nio-8761-exec-1] com.netflix.eureka.registry.AbstractInstanceRegistry : Registered instance DISCOVERY-SERVER/sujits-mbp:discovery-server:8761 with status UP (replication=false)
11/06/2017 00:08:30.890 +05:30  INFO 51196 -- [DiscoveryClient-InstanceInfoReplicator-0] com.netflix.discovery.DiscoveryClient : DiscoveryClient_DISCOVERY-SERVER/sujits-mbp:discovery-server:8761 - registration status: 204
11/06/2017 00:08:31.386 +05:30  INFO 51196 -- [http-nio-8761-exec-2] com.netflix.eureka.registry.AbstractInstanceRegistry : Registered instance DISCOVERY-SERVER/sujits-mbp:discovery-server:8761 with status UP (replication=true)
11/06/2017 00:10:30.294 +05:30  INFO 51196 -- [Thread-31] com.netflix.eureka.registry.PeerAwareInstanceRegistryImpl : Got 1 instances from neighboring DS node
11/06/2017 00:10:30.297 +05:30  INFO 51196 -- [Thread-31] com.netflix.eureka.registry.PeerAwareInstanceRegistryImpl : Renew threshold is: 1
11/06/2017 00:10:30.297 +05:30  INFO 51196 -- [Thread-31] com.netflix.eureka.registry.PeerAwareInstanceRegistryImpl : Changing status to UP
11/06/2017 00:10:30.301 +05:30  INFO 51196 -- [Thread-31] o.s.c.n.eureka.server.EurekaServerInitializerConfiguration : Started Eureka Server
11/06/2017 00:10:43.130 +05:30  INFO 51196 -- [Thread-33] o.s.b.c.e.AnnotationConfigEmbeddedWebApplicationContext : Closing org.springframework.boot.context.embedded.AnnotationConfigEmbeddedWebApplicationContext@2e029d61: startup date [Mon Nov 06 00:08:23 IST 2017]; parent: org.springframework.context.annotation.AnnotationConfigApplicationContext@10feca44
11/06/2017 00:10:43.131 +05:30  INFO 51196 -- [Thread-33] o.s.c.netflix.eureka.serviceregistry.EurekaServiceRegistry : Unregistering application discovery-server with eureka with status DOWN
11/06/2017 00:10:43.131 +05:30  WARN 51196 -- [Thread-33] com.netflix.discovery.DiscoveryClient : Saw local status change event StatusChangeEvent [timestamp=1509907243131, current=DOWN, previous=UP]
11/06/2017 00:10:43.132 +05:30  INFO 51196 -- [Thread-33] com.netflix.discovery.DiscoveryClient : Shutting down DiscoveryClient ...
11/06/2017 00:10:43.132 +05:30  INFO 51196 -- [Thread-33] com.netflix.discovery.DiscoveryClient : Unregistering ...
11/06/2017 00:10:43.140 +05:30  INFO 51196 -- [http-nio-8761-exec-1] com.netflix.eureka.registry.AbstractInstanceRegistry : Cancelled instance DISCOVERY-SERVER/sujits-mbp:discovery-server:8761 (replication=false)
11/06/2017 00:10:43.143 +05:30  INFO 51196 -- [Thread-33] com.netflix.discovery.DiscoveryClient : DiscoveryClient_DISCOVERY-SERVER/sujits-mbp:discovery-server:8761 - deregister  status: 200
11/06/2017 00:10:43.149 +05:30  INFO 51196 -- [Thread-33] com.netflix.discovery.DiscoveryClient : Completed shut down of DiscoveryClient
11/06/2017 00:10:43.152 +05:30  INFO 51196 -- [Thread-33] o.springframework.context.support.DefaultLifecycleProcessor : Stopping beans in phase 0
11/06/2017 00:10:43.154 +05:30  INFO 51196 -- [Thread-33] com.netflix.eureka.DefaultEurekaServerContext : Shutting down ...
11/06/2017 00:10:43.156 +05:30  INFO 51196 -- [Thread-33] com.netflix.eureka.DefaultEurekaServerContext : Shut down
11/06/2017 00:10:43.158 +05:30  INFO 51196 -- [Thread-33] o.s.jmx.export.annotation.AnnotationMBeanExporter : Unregistering JMX-exposed beans on shutdown
11/06/2017 00:10:43.158 +05:30  INFO 51196 -- [Thread-33] o.s.jmx.export.annotation.AnnotationMBeanExporter : Unregistering JMX-exposed beans
